c:\users\mille\source\repos\cs303-ass1\cs303-ass1\x64\debug\vc143.pdb
c:\users\mille\source\repos\cs303-ass1\cs303-ass1\x64\debug\vc143.idb
c:\users\mille\source\repos\cs303-ass1\cs303-ass1\x64\debug\utilities.obj
c:\users\mille\source\repos\cs303-ass1\cs303-ass1\x64\debug\test.obj
c:\users\mille\source\repos\cs303-ass1\cs303-ass1\x64\debug\main.obj
c:\users\mille\source\repos\cs303-ass1\cs303-ass1\x64\debug\integer_list.obj
c:\users\mille\source\repos\cs303-ass1\x64\debug\cs303-ass1.pdb
c:\users\mille\source\repos\cs303-ass1\cs303-ass1\x64\debug\cs303-ass1.tlog\cl.command.1.tlog
c:\users\mille\source\repos\cs303-ass1\cs303-ass1\x64\debug\cs303-ass1.tlog\cl.read.1.tlog
c:\users\mille\source\repos\cs303-ass1\cs303-ass1\x64\debug\cs303-ass1.tlog\cl.write.1.tlog
c:\users\mille\source\repos\cs303-ass1\cs303-ass1\x64\debug\cs303-ass1.tlog\link-cvtres.read.1.tlog
c:\users\mille\source\repos\cs303-ass1\cs303-ass1\x64\debug\cs303-ass1.tlog\link-cvtres.write.1.tlog
c:\users\mille\source\repos\cs303-ass1\cs303-ass1\x64\debug\cs303-ass1.tlog\link-rc.read.1.tlog
c:\users\mille\source\repos\cs303-ass1\cs303-ass1\x64\debug\cs303-ass1.tlog\link-rc.write.1.tlog
c:\users\mille\source\repos\cs303-ass1\cs303-ass1\x64\debug\cs303-ass1.tlog\link.10280-cvtres.read.1.tlog
c:\users\mille\source\repos\cs303-ass1\cs303-ass1\x64\debug\cs303-ass1.tlog\link.10280-cvtres.write.1.tlog
c:\users\mille\source\repos\cs303-ass1\cs303-ass1\x64\debug\cs303-ass1.tlog\link.10280-rc.read.1.tlog
c:\users\mille\source\repos\cs303-ass1\cs303-ass1\x64\debug\cs303-ass1.tlog\link.10280-rc.write.1.tlog
c:\users\mille\source\repos\cs303-ass1\cs303-ass1\x64\debug\cs303-ass1.tlog\link.10280.read.1.tlog
c:\users\mille\source\repos\cs303-ass1\cs303-ass1\x64\debug\cs303-ass1.tlog\link.10280.read.2.tlog
c:\users\mille\source\repos\cs303-ass1\cs303-ass1\x64\debug\cs303-ass1.tlog\link.10280.write.1.tlog
c:\users\mille\source\repos\cs303-ass1\cs303-ass1\x64\debug\cs303-ass1.tlog\link.command.1.tlog
c:\users\mille\source\repos\cs303-ass1\cs303-ass1\x64\debug\cs303-ass1.tlog\link.read.1.tlog
c:\users\mille\source\repos\cs303-ass1\cs303-ass1\x64\debug\cs303-ass1.tlog\link.read.2.tlog
c:\users\mille\source\repos\cs303-ass1\cs303-ass1\x64\debug\cs303-ass1.tlog\link.write.1.tlog
